{"D:\\Courses\\Meta front-end professional certificate\\course8\\littleLemon\\src\\App.jsx": {"path":"D:\\Courses\\Meta front-end professional certificate\\course8\\littleLemon\\src\\App.jsx","statementMap":{"0":{"start":{"line":8,"column":2},"end":{"line":17,"column":3}}},"fnMap":{"0":{"name":"App","decl":{"start":{"line":6,"column":9},"end":{"line":6,"column":12}},"loc":{"start":{"line":6,"column":15},"end":{"line":18,"column":1}},"line":6}},"branchMap":{},"s":{"0":0},"f":{"0":0},"b":{}}
,"D:\\Courses\\Meta front-end professional certificate\\course8\\littleLemon\\src\\bookingApi.js": {"path":"D:\\Courses\\Meta front-end professional certificate\\course8\\littleLemon\\src\\bookingApi.js","statementMap":{"0":{"start":{"line":1,"column":21},"end":{"line":8,"column":3}},"1":{"start":{"line":2,"column":12},"end":{"line":2,"column":24}},"2":{"start":{"line":3,"column":12},"end":{"line":3,"column":18}},"3":{"start":{"line":4,"column":12},"end":{"line":4,"column":20}},"4":{"start":{"line":5,"column":4},"end":{"line":7,"column":6}},"5":{"start":{"line":6,"column":6},"end":{"line":6,"column":35}},"6":{"start":{"line":11,"column":17},"end":{"line":11,"column":19}},"7":{"start":{"line":12,"column":13},"end":{"line":12,"column":27}},"8":{"start":{"line":13,"column":15},"end":{"line":13,"column":27}},"9":{"start":{"line":15,"column":17},"end":{"line":15,"column":35}},"10":{"start":{"line":16,"column":4},"end":{"line":23,"column":5}},"11":{"start":{"line":16,"column":17},"end":{"line":16,"column":19}},"12":{"start":{"line":17,"column":6},"end":{"line":19,"column":7}},"13":{"start":{"line":18,"column":8},"end":{"line":18,"column":31}},"14":{"start":{"line":20,"column":6},"end":{"line":22,"column":7}},"15":{"start":{"line":21,"column":8},"end":{"line":21,"column":31}},"16":{"start":{"line":24,"column":4},"end":{"line":24,"column":18}},"17":{"start":{"line":28,"column":4},"end":{"line":28,"column":16}}},"fnMap":{"0":{"name":"(anonymous_0)","decl":{"start":{"line":1,"column":21},"end":{"line":1,"column":22}},"loc":{"start":{"line":1,"column":37},"end":{"line":8,"column":3}},"line":1},"1":{"name":"(anonymous_1)","decl":{"start":{"line":5,"column":11},"end":{"line":5,"column":12}},"loc":{"start":{"line":5,"column":23},"end":{"line":7,"column":5}},"line":5},"2":{"name":"fetchAPI","decl":{"start":{"line":10,"column":18},"end":{"line":10,"column":26}},"loc":{"start":{"line":10,"column":33},"end":{"line":25,"column":3}},"line":10},"3":{"name":"submitAPI","decl":{"start":{"line":27,"column":18},"end":{"line":27,"column":27}},"loc":{"start":{"line":27,"column":38},"end":{"line":29,"column":3}},"line":27}},"branchMap":{"0":{"loc":{"start":{"line":17,"column":6},"end":{"line":19,"column":7}},"type":"if","locations":[{"start":{"line":17,"column":6},"end":{"line":19,"column":7}},{"start":{},"end":{}}],"line":17},"1":{"loc":{"start":{"line":20,"column":6},"end":{"line":22,"column":7}},"type":"if","locations":[{"start":{"line":20,"column":6},"end":{"line":22,"column":7}},{"start":{},"end":{}}],"line":20}},"s":{"0":0,"1":0,"2":0,"3":0,"4":0,"5":0,"6":0,"7":0,"8":0,"9":0,"10":0,"11":0,"12":0,"13":0,"14":0,"15":0,"16":0,"17":0},"f":{"0":0,"1":0,"2":0,"3":0},"b":{"0":[0,0],"1":[0,0]}}
,"D:\\Courses\\Meta front-end professional certificate\\course8\\littleLemon\\src\\main.jsx": {"path":"D:\\Courses\\Meta front-end professional certificate\\course8\\littleLemon\\src\\main.jsx","statementMap":{"0":{"start":{"line":6,"column":0},"end":{"line":10,"column":1}}},"fnMap":{},"branchMap":{},"s":{"0":0},"f":{},"b":{}}
,"D:\\Courses\\Meta front-end professional certificate\\course8\\littleLemon\\src\\components\\About.jsx": {"path":"D:\\Courses\\Meta front-end professional certificate\\course8\\littleLemon\\src\\components\\About.jsx","statementMap":{"0":{"start":{"line":5,"column":14},"end":{"line":26,"column":1}},"1":{"start":{"line":6,"column":2},"end":{"line":25,"column":3}}},"fnMap":{"0":{"name":"(anonymous_0)","decl":{"start":{"line":5,"column":14},"end":{"line":5,"column":15}},"loc":{"start":{"line":5,"column":20},"end":{"line":26,"column":1}},"line":5}},"branchMap":{},"s":{"0":0,"1":0},"f":{"0":0},"b":{}}
,"D:\\Courses\\Meta front-end professional certificate\\course8\\littleLemon\\src\\components\\Booking.jsx": {"path":"D:\\Courses\\Meta front-end professional certificate\\course8\\littleLemon\\src\\components\\Booking.jsx","statementMap":{"0":{"start":{"line":5,"column":16},"end":{"line":20,"column":1}},"1":{"start":{"line":8,"column":8},"end":{"line":8,"column":30}},"2":{"start":{"line":11,"column":19},"end":{"line":11,"column":39}},"3":{"start":{"line":13,"column":39},"end":{"line":13,"column":70}},"4":{"start":{"line":15,"column":2},"end":{"line":19,"column":3}}},"fnMap":{"0":{"name":"(anonymous_0)","decl":{"start":{"line":5,"column":16},"end":{"line":5,"column":17}},"loc":{"start":{"line":5,"column":22},"end":{"line":20,"column":1}},"line":5},"1":{"name":"updateTimes","decl":{"start":{"line":7,"column":13},"end":{"line":7,"column":24}},"loc":{"start":{"line":7,"column":31},"end":{"line":9,"column":5}},"line":7}},"branchMap":{},"s":{"0":0,"1":0,"2":0,"3":0,"4":0},"f":{"0":0,"1":0},"b":{}}
,"D:\\Courses\\Meta front-end professional certificate\\course8\\littleLemon\\src\\components\\BookingForm.jsx": {"path":"D:\\Courses\\Meta front-end professional certificate\\course8\\littleLemon\\src\\components\\BookingForm.jsx","statementMap":{"0":{"start":{"line":4,"column":20},"end":{"line":93,"column":1}},"1":{"start":{"line":5,"column":34},"end":{"line":9,"column":6}},"2":{"start":{"line":11,"column":30},"end":{"line":13,"column":5}},"3":{"start":{"line":12,"column":50},"end":{"line":12,"column":86}},"4":{"start":{"line":14,"column":19},"end":{"line":14,"column":27}},"5":{"start":{"line":16,"column":25},"end":{"line":27,"column":5}},"6":{"start":{"line":17,"column":30},"end":{"line":17,"column":38}},"7":{"start":{"line":18,"column":8},"end":{"line":21,"column":10}},"8":{"start":{"line":22,"column":8},"end":{"line":26,"column":9}},"9":{"start":{"line":23,"column":12},"end":{"line":23,"column":47}},"10":{"start":{"line":25,"column":12},"end":{"line":25,"column":46}},"11":{"start":{"line":30,"column":25},"end":{"line":33,"column":5}},"12":{"start":{"line":31,"column":8},"end":{"line":31,"column":26}},"13":{"start":{"line":32,"column":8},"end":{"line":32,"column":28}},"14":{"start":{"line":35,"column":2},"end":{"line":92,"column":3}}},"fnMap":{"0":{"name":"(anonymous_0)","decl":{"start":{"line":4,"column":20},"end":{"line":4,"column":21}},"loc":{"start":{"line":4,"column":31},"end":{"line":93,"column":1}},"line":4},"1":{"name":"(anonymous_1)","decl":{"start":{"line":12,"column":33},"end":{"line":12,"column":34}},"loc":{"start":{"line":12,"column":50},"end":{"line":12,"column":86}},"line":12},"2":{"name":"(anonymous_2)","decl":{"start":{"line":16,"column":25},"end":{"line":16,"column":26}},"loc":{"start":{"line":16,"column":32},"end":{"line":27,"column":5}},"line":16},"3":{"name":"(anonymous_3)","decl":{"start":{"line":30,"column":25},"end":{"line":30,"column":26}},"loc":{"start":{"line":30,"column":32},"end":{"line":33,"column":5}},"line":30}},"branchMap":{"0":{"loc":{"start":{"line":22,"column":8},"end":{"line":26,"column":9}},"type":"if","locations":[{"start":{"line":22,"column":8},"end":{"line":26,"column":9}},{"start":{"line":24,"column":13},"end":{"line":26,"column":9}}],"line":22},"1":{"loc":{"start":{"line":84,"column":104},"end":{"line":84,"column":187}},"type":"binary-expr","locations":[{"start":{"line":84,"column":104},"end":{"line":84,"column":128}},{"start":{"line":84,"column":132},"end":{"line":84,"column":160}},{"start":{"line":84,"column":164},"end":{"line":84,"column":187}}],"line":84}},"s":{"0":0,"1":0,"2":0,"3":0,"4":0,"5":0,"6":0,"7":0,"8":0,"9":0,"10":0,"11":0,"12":0,"13":0,"14":0},"f":{"0":0,"1":0,"2":0,"3":0},"b":{"0":[0,0],"1":[0,0,0]}}
,"D:\\Courses\\Meta front-end professional certificate\\course8\\littleLemon\\src\\components\\Bookingslot.jsx": {"path":"D:\\Courses\\Meta front-end professional certificate\\course8\\littleLemon\\src\\components\\Bookingslot.jsx","statementMap":{"0":{"start":{"line":3,"column":20},"end":{"line":16,"column":1}},"1":{"start":{"line":4,"column":2},"end":{"line":15,"column":3}},"2":{"start":{"line":8,"column":16},"end":{"line":11,"column":22}}},"fnMap":{"0":{"name":"(anonymous_0)","decl":{"start":{"line":3,"column":20},"end":{"line":3,"column":21}},"loc":{"start":{"line":3,"column":26},"end":{"line":16,"column":1}},"line":3},"1":{"name":"(anonymous_1)","decl":{"start":{"line":7,"column":24},"end":{"line":7,"column":25}},"loc":{"start":{"line":8,"column":16},"end":{"line":11,"column":22}},"line":8}},"branchMap":{},"s":{"0":0,"1":0,"2":0},"f":{"0":0,"1":0},"b":{}}
,"D:\\Courses\\Meta front-end professional certificate\\course8\\littleLemon\\src\\components\\Footer.jsx": {"path":"D:\\Courses\\Meta front-end professional certificate\\course8\\littleLemon\\src\\components\\Footer.jsx","statementMap":{"0":{"start":{"line":4,"column":15},"end":{"line":40,"column":1}},"1":{"start":{"line":5,"column":2},"end":{"line":39,"column":3}}},"fnMap":{"0":{"name":"(anonymous_0)","decl":{"start":{"line":4,"column":15},"end":{"line":4,"column":16}},"loc":{"start":{"line":4,"column":21},"end":{"line":40,"column":1}},"line":4}},"branchMap":{},"s":{"0":0,"1":0},"f":{"0":0},"b":{}}
,"D:\\Courses\\Meta front-end professional certificate\\course8\\littleLemon\\src\\components\\Hero.jsx": {"path":"D:\\Courses\\Meta front-end professional certificate\\course8\\littleLemon\\src\\components\\Hero.jsx","statementMap":{"0":{"start":{"line":5,"column":13},"end":{"line":36,"column":1}},"1":{"start":{"line":6,"column":2},"end":{"line":35,"column":3}}},"fnMap":{"0":{"name":"(anonymous_0)","decl":{"start":{"line":5,"column":13},"end":{"line":5,"column":14}},"loc":{"start":{"line":5,"column":19},"end":{"line":36,"column":1}},"line":5}},"branchMap":{},"s":{"0":0,"1":0},"f":{"0":0},"b":{}}
,"D:\\Courses\\Meta front-end professional certificate\\course8\\littleLemon\\src\\components\\Home.jsx": {"path":"D:\\Courses\\Meta front-end professional certificate\\course8\\littleLemon\\src\\components\\Home.jsx","statementMap":{"0":{"start":{"line":11,"column":13},"end":{"line":39,"column":1}},"1":{"start":{"line":12,"column":2},"end":{"line":38,"column":3}}},"fnMap":{"0":{"name":"(anonymous_0)","decl":{"start":{"line":11,"column":13},"end":{"line":11,"column":14}},"loc":{"start":{"line":11,"column":19},"end":{"line":39,"column":1}},"line":11}},"branchMap":{},"s":{"0":0,"1":0},"f":{"0":0},"b":{}}
,"D:\\Courses\\Meta front-end professional certificate\\course8\\littleLemon\\src\\components\\Layout.jsx": {"path":"D:\\Courses\\Meta front-end professional certificate\\course8\\littleLemon\\src\\components\\Layout.jsx","statementMap":{"0":{"start":{"line":6,"column":15},"end":{"line":18,"column":1}},"1":{"start":{"line":7,"column":2},"end":{"line":17,"column":3}}},"fnMap":{"0":{"name":"(anonymous_0)","decl":{"start":{"line":6,"column":15},"end":{"line":6,"column":16}},"loc":{"start":{"line":6,"column":21},"end":{"line":18,"column":1}},"line":6}},"branchMap":{},"s":{"0":0,"1":0},"f":{"0":0},"b":{}}
,"D:\\Courses\\Meta front-end professional certificate\\course8\\littleLemon\\src\\components\\Navbar.jsx": {"path":"D:\\Courses\\Meta front-end professional certificate\\course8\\littleLemon\\src\\components\\Navbar.jsx","statementMap":{"0":{"start":{"line":7,"column":15},"end":{"line":94,"column":1}},"1":{"start":{"line":8,"column":32},"end":{"line":8,"column":47}},"2":{"start":{"line":10,"column":2},"end":{"line":93,"column":3}},"3":{"start":{"line":52,"column":31},"end":{"line":52,"column":67}},"4":{"start":{"line":52,"column":55},"end":{"line":52,"column":66}}},"fnMap":{"0":{"name":"(anonymous_0)","decl":{"start":{"line":7,"column":15},"end":{"line":7,"column":16}},"loc":{"start":{"line":7,"column":21},"end":{"line":94,"column":1}},"line":7},"1":{"name":"(anonymous_1)","decl":{"start":{"line":52,"column":25},"end":{"line":52,"column":26}},"loc":{"start":{"line":52,"column":31},"end":{"line":52,"column":67}},"line":52},"2":{"name":"(anonymous_2)","decl":{"start":{"line":52,"column":41},"end":{"line":52,"column":42}},"loc":{"start":{"line":52,"column":55},"end":{"line":52,"column":66}},"line":52}},"branchMap":{"0":{"loc":{"start":{"line":50,"column":26},"end":{"line":50,"column":52}},"type":"cond-expr","locations":[{"start":{"line":50,"column":34},"end":{"line":50,"column":39}},{"start":{"line":50,"column":42},"end":{"line":50,"column":52}}],"line":50},"1":{"loc":{"start":{"line":54,"column":35},"end":{"line":54,"column":60}},"type":"cond-expr","locations":[{"start":{"line":54,"column":43},"end":{"line":54,"column":49}},{"start":{"line":54,"column":52},"end":{"line":54,"column":60}}],"line":54}},"s":{"0":0,"1":0,"2":0,"3":0,"4":0},"f":{"0":0,"1":0,"2":0},"b":{"0":[0,0],"1":[0,0]}}
,"D:\\Courses\\Meta front-end professional certificate\\course8\\littleLemon\\src\\components\\Offers.jsx": {"path":"D:\\Courses\\Meta front-end professional certificate\\course8\\littleLemon\\src\\components\\Offers.jsx","statementMap":{"0":{"start":{"line":4,"column":15},"end":{"line":22,"column":1}},"1":{"start":{"line":5,"column":2},"end":{"line":21,"column":3}}},"fnMap":{"0":{"name":"(anonymous_0)","decl":{"start":{"line":4,"column":15},"end":{"line":4,"column":16}},"loc":{"start":{"line":4,"column":26},"end":{"line":22,"column":1}},"line":4}},"branchMap":{},"s":{"0":0,"1":0},"f":{"0":0},"b":{}}
,"D:\\Courses\\Meta front-end professional certificate\\course8\\littleLemon\\src\\components\\Testimonials.jsx": {"path":"D:\\Courses\\Meta front-end professional certificate\\course8\\littleLemon\\src\\components\\Testimonials.jsx","statementMap":{"0":{"start":{"line":7,"column":21},"end":{"line":29,"column":1}},"1":{"start":{"line":8,"column":2},"end":{"line":28,"column":3}}},"fnMap":{"0":{"name":"(anonymous_0)","decl":{"start":{"line":7,"column":21},"end":{"line":7,"column":22}},"loc":{"start":{"line":7,"column":27},"end":{"line":29,"column":1}},"line":7}},"branchMap":{},"s":{"0":0,"1":0},"f":{"0":0},"b":{}}
,"D:\\Courses\\Meta front-end professional certificate\\course8\\littleLemon\\src\\data\\tables.js": {"path":"D:\\Courses\\Meta front-end professional certificate\\course8\\littleLemon\\src\\data\\tables.js","statementMap":{"0":{"start":{"line":1,"column":22},"end":{"line":50,"column":1}}},"fnMap":{},"branchMap":{},"s":{"0":0},"f":{},"b":{}}
}
